<?xml version="1.0" encoding="UTF-8"?>
<!-- Generated by org.testng.reporters.JUnitReportReporter -->
<testsuite hostname="DESKTOP-9GI0D3G" failures="0" tests="1" name="Build1.Prg1" time="0.013" errors="0" timestamp="2023-06-02T12:58:14 IST" skipped="0">
  <testcase classname="Build1.Prg1" name="demo1" time="0.013"/>
  <system-out/>
</testsuite> <!-- Build1.Prg1 -->
